Using pre-set license
Built from '2020.3/staging' branch; Version is '2020.3.14f1 (d0d1bb862f9d) revision 13685179'; Using compiler version '192528614'; Build Type 'Release'
OS: 'Windows 10 Home; OS build 19043.1165; Version 2009; 64bit' Language: 'pt' Physical Memory: 15731 MB
BatchMode: 1, IsHumanControllingUs: 0, StartBugReporterOnCrash: 0, Is64bit: 1, IsPro: 0

 COMMAND LINE ARGUMENTS:
C:\Program Files\2020.3.14f1\Editor\Unity.exe
-adb2
-batchMode
-noUpm
-name
AssetImportWorker0
-projectPath
C:/Users/andre/OneDrive/Ambiente de Trabalho/Unity/GameJam/Game Jam 2021.2
-logFile
Logs/AssetImportWorker0.log
-srvPort
51540
Successfully changed project path to: C:/Users/andre/OneDrive/Ambiente de Trabalho/Unity/GameJam/Game Jam 2021.2
C:/Users/andre/OneDrive/Ambiente de Trabalho/Unity/GameJam/Game Jam 2021.2
Using Asset Import Pipeline V2.
Refreshing native plugins compatible for Editor in 39.40 ms, found 3 plugins.
Preloading 0 native plugins for Editor in 0.00 ms.
Initialize engine version: 2020.3.14f1 (d0d1bb862f9d)
[Subsystems] Discovering subsystems at path C:/Program Files/2020.3.14f1/Editor/Data/Resources/UnitySubsystems
[Subsystems] Discovering subsystems at path C:/Users/andre/OneDrive/Ambiente de Trabalho/Unity/GameJam/Game Jam 2021.2/Assets
GfxDevice: creating device client; threaded=0
Direct3D:
    Version:  Direct3D 11.0 [level 11.1]
    Renderer: NVIDIA GeForce RTX 2060 (ID=0x1f15)
    Vendor:   
    VRAM:     5980 MB
    Driver:   27.21.14.6280
Initialize mono
Mono path[0] = 'C:/Program Files/2020.3.14f1/Editor/Data/Managed'
Mono path[1] = 'C:/Program Files/2020.3.14f1/Editor/Data/MonoBleedingEdge/lib/mono/unityjit'
Mono config path = 'C:/Program Files/2020.3.14f1/Editor/Data/MonoBleedingEdge/etc'
Using monoOptions --debugger-agent=transport=dt_socket,embedding=1,server=y,suspend=n,address=127.0.0.1:56500
Begin MonoManager ReloadAssembly
Registering precompiled unity dll's ...
Register platform support module: C:/Program Files/2020.3.14f1/Editor/Data/PlaybackEngines/WebGLSupport/UnityEditor.WebGL.Extensions.dll
Register platform support module: C:/Program Files/2020.3.14f1/Editor/Data/PlaybackEngines/MacStandaloneSupport/UnityEditor.OSXStandalone.Extensions.dll
Register platform support module: C:/Program Files/2020.3.14f1/Editor/Data/PlaybackEngines/WindowsStandaloneSupport/UnityEditor.WindowsStandalone.Extensions.dll
Register platform support module: C:/Program Files/2020.3.14f1/Editor/Data/PlaybackEngines/LinuxStandaloneSupport/UnityEditor.LinuxStandalone.Extensions.dll
Register platform support module: C:/Program Files/2020.3.14f1/Editor/Data/PlaybackEngines/LuminSupport/UnityEditor.Lumin.Extensions.dll
Registered in 0.003872 seconds.
Native extension for Lumin target not found
Native extension for LinuxStandalone target not found
Native extension for WindowsStandalone target not found
Native extension for OSXStandalone target not found
Native extension for WebGL target not found
Refreshing native plugins compatible for Editor in 36.70 ms, found 3 plugins.
Preloading 0 native plugins for Editor in 0.00 ms.
Mono: successfully reloaded assembly
- Completed reload, in  2.116 seconds
Domain Reload Profiling:
	ReloadAssembly (2116ms)
		BeginReloadAssembly (50ms)
			ExecutionOrderSort (0ms)
			DisableScriptedObjects (0ms)
			BackupInstance (0ms)
			ReleaseScriptingObjects (0ms)
			CreateAndSetChildDomain (1ms)
		EndReloadAssembly (367ms)
			LoadAssemblies (50ms)
			RebuildTransferFunctionScriptingTraits (0ms)
			SetupTypeCache (129ms)
			ReleaseScriptCaches (0ms)
			RebuildScriptCaches (28ms)
			SetupLoadedEditorAssemblies (146ms)
				LogAssemblyErrors (0ms)
				InitializePlatformSupportModulesInManaged (7ms)
				SetLoadedEditorAssemblies (0ms)
				RefreshPlugins (37ms)
				BeforeProcessingInitializeOnLoad (12ms)
				ProcessInitializeOnLoadAttributes (66ms)
				ProcessInitializeOnLoadMethodAttributes (25ms)
				AfterProcessingInitializeOnLoad (0ms)
				EditorAssembliesLoaded (0ms)
			ExecutionOrderSort2 (0ms)
			AwakeInstancesAfterBackupRestoration (0ms)
Platform modules already initialized, skipping
Registering precompiled user dll's ...
Registered in 0.005669 seconds.
Begin MonoManager ReloadAssembly
Native extension for Lumin target not found
Native extension for LinuxStandalone target not found
Native extension for WindowsStandalone target not found
Native extension for OSXStandalone target not found
Native extension for WebGL target not found
Refreshing native plugins compatible for Editor in 36.96 ms, found 3 plugins.
Preloading 0 native plugins for Editor in 0.00 ms.
Mono: successfully reloaded assembly
- Completed reload, in  0.969 seconds
Domain Reload Profiling:
	ReloadAssembly (970ms)
		BeginReloadAssembly (129ms)
			ExecutionOrderSort (0ms)
			DisableScriptedObjects (4ms)
			BackupInstance (0ms)
			ReleaseScriptingObjects (0ms)
			CreateAndSetChildDomain (18ms)
		EndReloadAssembly (784ms)
			LoadAssemblies (87ms)
			RebuildTransferFunctionScriptingTraits (0ms)
			SetupTypeCache (246ms)
			ReleaseScriptCaches (0ms)
			RebuildScriptCaches (41ms)
			SetupLoadedEditorAssemblies (301ms)
				LogAssemblyErrors (0ms)
				InitializePlatformSupportModulesInManaged (6ms)
				SetLoadedEditorAssemblies (0ms)
				RefreshPlugins (37ms)
				BeforeProcessingInitializeOnLoad (73ms)
				ProcessInitializeOnLoadAttributes (166ms)
				ProcessInitializeOnLoadMethodAttributes (12ms)
				AfterProcessingInitializeOnLoad (7ms)
				EditorAssembliesLoaded (0ms)
			ExecutionOrderSort2 (0ms)
			AwakeInstancesAfterBackupRestoration (6ms)
Platform modules already initialized, skipping
========================================================================
Worker process is ready to serve import requests
Launched and connected shader compiler UnityShaderCompiler.exe after 0.04 seconds
Refreshing native plugins compatible for Editor in 0.44 ms, found 3 plugins.
Preloading 0 native plugins for Editor in 0.00 ms.
Unloading 2096 Unused Serialized files (Serialized files now loaded: 0)
System memory in use before: 93.8 MB.
System memory in use after: 93.9 MB.

Unloading 28 unused Assets to reduce memory usage. Loaded Objects now: 2534.
Total: 2.798600 ms (FindLiveObjects: 0.330300 ms CreateObjectMapping: 0.131500 ms MarkObjects: 2.267400 ms  DeleteObjects: 0.067300 ms)

AssetImportParameters requested are different than current active one (requested -> active):
  custom:framework-win-MediaFoundation: 216162199b28c13a410421893ffa2e32 -> 
  custom:video-decoder-ogg-theora: a1e56fd34408186e4bbccfd4996cb3dc -> 
  custom:container-muxer-webm: aa71ff27fc2769a1b78a27578f13a17b -> 
  custom:container-demuxer-webm: 4f35f7cbe854078d1ac9338744f61a02 -> 
  custom:container-demuxer-ogg: 62fdf1f143b41e24485cea50d1cbac27 -> 
  custom:video-encoder-webm-vp8: eb34c28f22e8b96e1ab97ce403110664 -> 
  custom:video-codec-MediaFoundation-h265: 746d11721c4dcdbdad8f713fa42b33f4 -> 
  custom:video-decoder-webm-vp8: 9c59270c3fd7afecdb556c50c9e8de78 -> 
  custom:audio-decoder-ogg-vorbis: bf7c407c2cedff20999df2af8eb42d56 -> 
  custom:audio-encoder-webm-vorbis: bf7c407c2cedff20999df2af8eb42d56 -> 
========================================================================
Received Import Request.
  path: Assets/Scripts/Enemy
  artifactKey: Guid(e4943f3d5d0a1414a8f4fae5d16ae887) Importer(815301076,1909f56bfc062723c751e8b465ee728b)
Start importing Assets/Scripts/Enemy using Guid(e4943f3d5d0a1414a8f4fae5d16ae887) Importer(815301076,1909f56bfc062723c751e8b465ee728b)  -> (artifact id: '058af7b45acfdb437e9744cf2344d5f6') in 0.005693 seconds 
  Import took 0.008588 seconds .

========================================================================
Received Prepare
Registering precompiled user dll's ...
Registered in 0.005555 seconds.
Begin MonoManager ReloadAssembly
Native extension for Lumin target not found
Native extension for LinuxStandalone target not found
Native extension for WindowsStandalone target not found
Native extension for OSXStandalone target not found
Native extension for WebGL target not found
Refreshing native plugins compatible for Editor in 0.45 ms, found 3 plugins.
Preloading 0 native plugins for Editor in 0.00 ms.
Mono: successfully reloaded assembly
- Completed reload, in  0.887 seconds
Domain Reload Profiling:
	ReloadAssembly (887ms)
		BeginReloadAssembly (108ms)
			ExecutionOrderSort (0ms)
			DisableScriptedObjects (5ms)
			BackupInstance (0ms)
			ReleaseScriptingObjects (0ms)
			CreateAndSetChildDomain (31ms)
		EndReloadAssembly (723ms)
			LoadAssemblies (85ms)
			RebuildTransferFunctionScriptingTraits (0ms)
			SetupTypeCache (245ms)
			ReleaseScriptCaches (1ms)
			RebuildScriptCaches (36ms)
			SetupLoadedEditorAssemblies (268ms)
				LogAssemblyErrors (0ms)
				InitializePlatformSupportModulesInManaged (7ms)
				SetLoadedEditorAssemblies (0ms)
				RefreshPlugins (1ms)
				BeforeProcessingInitializeOnLoad (76ms)
				ProcessInitializeOnLoadAttributes (171ms)
				ProcessInitializeOnLoadMethodAttributes (5ms)
				AfterProcessingInitializeOnLoad (8ms)
				EditorAssembliesLoaded (0ms)
			ExecutionOrderSort2 (0ms)
			AwakeInstancesAfterBackupRestoration (9ms)
Platform modules already initialized, skipping
Refreshing native plugins compatible for Editor in 0.45 ms, found 3 plugins.
Preloading 0 native plugins for Editor in 0.00 ms.
Unloading 2086 Unused Serialized files (Serialized files now loaded: 0)
System memory in use before: 93.3 MB.
System memory in use after: 93.4 MB.

Unloading 16 unused Assets to reduce memory usage. Loaded Objects now: 2537.
Total: 2.020700 ms (FindLiveObjects: 0.201800 ms CreateObjectMapping: 0.045600 ms MarkObjects: 1.751900 ms  DeleteObjects: 0.020100 ms)

AssetImportParameters requested are different than current active one (requested -> active):
  custom:framework-win-MediaFoundation: 216162199b28c13a410421893ffa2e32 -> 
  custom:video-decoder-ogg-theora: a1e56fd34408186e4bbccfd4996cb3dc -> 
  custom:container-muxer-webm: aa71ff27fc2769a1b78a27578f13a17b -> 
  custom:container-demuxer-webm: 4f35f7cbe854078d1ac9338744f61a02 -> 
  custom:container-demuxer-ogg: 62fdf1f143b41e24485cea50d1cbac27 -> 
  custom:video-encoder-webm-vp8: eb34c28f22e8b96e1ab97ce403110664 -> 
  custom:video-codec-MediaFoundation-h265: 746d11721c4dcdbdad8f713fa42b33f4 -> 
  custom:video-decoder-webm-vp8: 9c59270c3fd7afecdb556c50c9e8de78 -> 
  custom:audio-decoder-ogg-vorbis: bf7c407c2cedff20999df2af8eb42d56 -> 
  custom:audio-encoder-webm-vorbis: bf7c407c2cedff20999df2af8eb42d56 -> 
========================================================================
Received Import Request.
  Time since last request: 17.983980 seconds.
  path: Assets/Scripts/Robo
  artifactKey: Guid(2eb2b0ec7dd1b2943922fee0c85794e4) Importer(815301076,1909f56bfc062723c751e8b465ee728b)
Start importing Assets/Scripts/Robo using Guid(2eb2b0ec7dd1b2943922fee0c85794e4) Importer(815301076,1909f56bfc062723c751e8b465ee728b)  -> (artifact id: 'e10e7712b183606e93506753bc2405ba') in 0.006122 seconds 
  Import took 0.009361 seconds .

========================================================================
Received Import Request.
  Time since last request: 0.002907 seconds.
  path: Assets/Scripts/Robo
  artifactKey: Guid(2eb2b0ec7dd1b2943922fee0c85794e4) Importer(815301076,1909f56bfc062723c751e8b465ee728b)
Start importing Assets/Scripts/Robo using Guid(2eb2b0ec7dd1b2943922fee0c85794e4) Importer(815301076,1909f56bfc062723c751e8b465ee728b)  -> (artifact id: 'e10e7712b183606e93506753bc2405ba') in 0.002561 seconds 
  Import took 0.006072 seconds .

========================================================================
Received Import Request.
  Time since last request: 1.185441 seconds.
  path: Assets/Scripts/Suit Guy
  artifactKey: Guid(e4943f3d5d0a1414a8f4fae5d16ae887) Importer(815301076,1909f56bfc062723c751e8b465ee728b)
Start importing Assets/Scripts/Suit Guy using Guid(e4943f3d5d0a1414a8f4fae5d16ae887) Importer(815301076,1909f56bfc062723c751e8b465ee728b)  -> (artifact id: 'a78da733ee3d7edde04b9d7230de2d2e') in 0.002702 seconds 
  Import took 0.006032 seconds .

========================================================================
Received Import Request.
  Time since last request: 1.262375 seconds.
  path: Assets/Scripts/Suit Guy/SuitGuyAI.cs
  artifactKey: Guid(3efa8e0adfc6b034e8003c800a1b6dbc) Importer(815301076,1909f56bfc062723c751e8b465ee728b)
Start importing Assets/Scripts/Suit Guy/SuitGuyAI.cs using Guid(3efa8e0adfc6b034e8003c800a1b6dbc) Importer(815301076,1909f56bfc062723c751e8b465ee728b)  -> (artifact id: '84a020bb3bc55525633fb7a71dc42a82') in 0.015381 seconds 
  Import took 0.019379 seconds .

========================================================================
Received Import Request.
  Time since last request: 0.015088 seconds.
  path: Assets/Scripts/Suit Guy/SuitGuyAI.cs
  artifactKey: Guid(3efa8e0adfc6b034e8003c800a1b6dbc) Importer(815301076,1909f56bfc062723c751e8b465ee728b)
Start importing Assets/Scripts/Suit Guy/SuitGuyAI.cs using Guid(3efa8e0adfc6b034e8003c800a1b6dbc) Importer(815301076,1909f56bfc062723c751e8b465ee728b)  -> (artifact id: '84a020bb3bc55525633fb7a71dc42a82') in 0.002440 seconds 
  Import took 0.005473 seconds .

========================================================================
Received Import Request.
  Time since last request: 443.754480 seconds.
  path: Assets/Materials/bounce.physicsMaterial2D
  artifactKey: Guid(f15566cfa63072244840aa9b2d9bf958) Importer(815301076,1909f56bfc062723c751e8b465ee728b)
Start importing Assets/Materials/bounce.physicsMaterial2D using Guid(f15566cfa63072244840aa9b2d9bf958) Importer(815301076,1909f56bfc062723c751e8b465ee728b)  -> (artifact id: '6361ef60a73c774ead3406f0c296e96e') in 0.012209 seconds 
  Import took 0.015428 seconds .

========================================================================
Received Import Request.
  Time since last request: 0.000348 seconds.
  path: Assets/Materials/Walls No Friction.physicsMaterial2D
  artifactKey: Guid(75ae6490ef071a043ad12337c4ca50e3) Importer(815301076,1909f56bfc062723c751e8b465ee728b)
Start importing Assets/Materials/Walls No Friction.physicsMaterial2D using Guid(75ae6490ef071a043ad12337c4ca50e3) Importer(815301076,1909f56bfc062723c751e8b465ee728b)  -> (artifact id: '744d90c657e8e305cb6826eb8d3e6114') in 0.004518 seconds 
  Import took 0.007824 seconds .

========================================================================
Received Import Request.
  Time since last request: 0.417720 seconds.
  path: Assets/Prefabs/Bullet.prefab
  artifactKey: Guid(fa9c6fb2b60d4a24892b8cde6cdaa8be) Importer(815301076,1909f56bfc062723c751e8b465ee728b)
Start importing Assets/Prefabs/Bullet.prefab using Guid(fa9c6fb2b60d4a24892b8cde6cdaa8be) Importer(815301076,1909f56bfc062723c751e8b465ee728b)  -> (artifact id: 'd5efb2f2bbe10d88f4b2f8af038d2674') in 0.062416 seconds 
  Import took 0.065404 seconds .

========================================================================
Received Import Request.
  Time since last request: 0.000271 seconds.
  path: Assets/Prefabs/Edward.prefab
  artifactKey: Guid(eb8e9a45656d9104a9b7c3e7387e2b04) Importer(815301076,1909f56bfc062723c751e8b465ee728b)
Start importing Assets/Prefabs/Edward.prefab using Guid(eb8e9a45656d9104a9b7c3e7387e2b04) Importer(815301076,1909f56bfc062723c751e8b465ee728b)  -> (artifact id: '82a38e4996f8e9eb9914c3aeb54d5245') in 0.017164 seconds 
  Import took 0.020424 seconds .

========================================================================
Received Import Request.
  Time since last request: 0.000249 seconds.
  path: Assets/Prefabs/Muzzle Flash.prefab
  artifactKey: Guid(c567fa18b7ae9d44ba16d3734dba31c5) Importer(815301076,1909f56bfc062723c751e8b465ee728b)
Start importing Assets/Prefabs/Muzzle Flash.prefab using Guid(c567fa18b7ae9d44ba16d3734dba31c5) Importer(815301076,1909f56bfc062723c751e8b465ee728b)  -> (artifact id: '9cccb511528f4e5586243dfc5ca3a13e') in 0.011394 seconds 
  Import took 0.014738 seconds .

========================================================================
Received Import Request.
  Time since last request: 0.000217 seconds.
  path: Assets/Prefabs/Lorenz.prefab
  artifactKey: Guid(2dfe3184757895740a635fb93af0b7e0) Importer(815301076,1909f56bfc062723c751e8b465ee728b)
Start importing Assets/Prefabs/Lorenz.prefab using Guid(2dfe3184757895740a635fb93af0b7e0) Importer(815301076,1909f56bfc062723c751e8b465ee728b) Asset 'Lorenz': Transition 'AnyState -> Lorenz Attack' in state 'AnyState' doesn't have an Exit Time or any condition, transition will be ignored
UnityEngine.StackTraceUtility:ExtractStackTrace ()
UnityEditor.EditorUtility:Internal_InstantiateRemoveAllNonAnimationComponentsSingle (UnityEngine.Object,UnityEngine.Vector3,UnityEngine.Quaternion)
UnityEditor.EditorUtility:InstantiateRemoveAllNonAnimationComponents (UnityEngine.Object,UnityEngine.Vector3,UnityEngine.Quaternion)
UnityEditor.EditorUtility:InstantiateForAnimatorPreview (UnityEngine.Object)
UnityEditor.GameObjectInspector/PreviewData:UpdateGameObject (UnityEngine.Object)
UnityEditor.GameObjectInspector/PreviewData:.ctor (UnityEngine.Object)
UnityEditor.GameObjectInspector:GetPreviewData ()
UnityEditor.GameObjectInspector:RenderStaticPreview (string,UnityEngine.Object[],int,int)
UnityEditor.AssetPreviewUpdater:CreatePreviewForAsset (UnityEngine.Object,UnityEngine.Object[],string)

[C:\buildslave\unity\build\Editor/Src/Animation/StateMachine.cpp line 1847]

 -> (artifact id: '61b559ad84e4d3551baa944657ee3877') in 0.015321 seconds 
  Import took 0.018549 seconds .

========================================================================
Received Import Request.
  Time since last request: 0.000253 seconds.
  path: Assets/Prefabs/Suit Guy.prefab
  artifactKey: Guid(ee713b00b730cb948b89cafaa7451cd9) Importer(815301076,1909f56bfc062723c751e8b465ee728b)
Start importing Assets/Prefabs/Suit Guy.prefab using Guid(ee713b00b730cb948b89cafaa7451cd9) Importer(815301076,1909f56bfc062723c751e8b465ee728b)  -> (artifact id: '95c0fcd3170c214e5760c858a1040e74') in 0.017397 seconds 
  Import took 0.020839 seconds .

AssetImportWorkerClient::OnTransportError - code=2 error=End of file
